CRITICAL - 2023-10-01 00:41:12 --> syntax error, unexpected identifier "div", expecting "," or ";"
in APPPATH\Views\welcome_message.php on line 6.
 1 SYSTEMPATH\View\View.php(229): CodeIgniter\View\View->CodeIgniter\View\{closure}()
 2 SYSTEMPATH\Common.php(1188): CodeIgniter\View\View->render('welcome_message', [], true)
 3 APPPATH\Controllers\Home.php(9): view('welcome_message')
 4 SYSTEMPATH\CodeIgniter.php(919): App\Controllers\Home->index()
 5 SYSTEMPATH\CodeIgniter.php(494): CodeIgniter\CodeIgniter->runController(Object(App\Controllers\Home))
 6 SYSTEMPATH\CodeIgniter.php(353): CodeIgniter\CodeIgniter->handleRequest(null, Object(Config\Cache), false)
 7 FCPATH\index.php(79): CodeIgniter\CodeIgniter->run()
 8 SYSTEMPATH\Commands\Server\rewrite.php(47): require_once('C:\\laragon\\www\\bebs\\ci\\public\\index.php')
CRITICAL - 2023-10-01 00:46:58 --> syntax error, unexpected token "."
in APPPATH\Views\welcome_message.php on line 11.
 1 SYSTEMPATH\View\View.php(229): CodeIgniter\View\View->CodeIgniter\View\{closure}()
 2 SYSTEMPATH\Common.php(1188): CodeIgniter\View\View->render('welcome_message', [], true)
 3 APPPATH\Controllers\Home.php(9): view('welcome_message')
 4 SYSTEMPATH\CodeIgniter.php(919): App\Controllers\Home->index()
 5 SYSTEMPATH\CodeIgniter.php(494): CodeIgniter\CodeIgniter->runController(Object(App\Controllers\Home))
 6 SYSTEMPATH\CodeIgniter.php(353): CodeIgniter\CodeIgniter->handleRequest(null, Object(Config\Cache), false)
 7 FCPATH\index.php(79): CodeIgniter\CodeIgniter->run()
 8 SYSTEMPATH\Commands\Server\rewrite.php(47): require_once('C:\\laragon\\www\\bebs\\ci\\public\\index.php')
CRITICAL - 2023-10-01 00:54:43 --> Maximum execution time of 60 seconds exceeded
in SYSTEMPATH\Autoloader\Autoloader.php on line 305.
 1 [internal function]: CodeIgniter\Debug\Exceptions->shutdownHandler()
CRITICAL - 2023-10-01 01:45:16 --> Invalid file: "header.php"
in SYSTEMPATH\Exceptions\FrameworkException.php on line 39.
 1 SYSTEMPATH\View\View.php(214): CodeIgniter\Exceptions\FrameworkException::forInvalidFile('header.php')
 2 SYSTEMPATH\Common.php(1188): CodeIgniter\View\View->render('header', [], true)
 3 APPPATH\Controllers\Home.php(38): view('header')
 4 SYSTEMPATH\CodeIgniter.php(919): App\Controllers\Home->header()
 5 SYSTEMPATH\CodeIgniter.php(494): CodeIgniter\CodeIgniter->runController(Object(App\Controllers\Home))
 6 SYSTEMPATH\CodeIgniter.php(353): CodeIgniter\CodeIgniter->handleRequest(null, Object(Config\Cache), false)
 7 FCPATH\index.php(79): CodeIgniter\CodeIgniter->run()
 8 SYSTEMPATH\Commands\Server\rewrite.php(47): require_once('C:\\laragon\\www\\bebs\\ci\\public\\index.php')
CRITICAL - 2023-10-01 01:46:55 --> Cannot redeclare App\Controllers\Home::contact()
in APPPATH\Controllers\Home.php on line 32.
 1 [internal function]: CodeIgniter\Debug\Exceptions->shutdownHandler()
CRITICAL - 2023-10-01 01:46:57 --> Cannot redeclare App\Controllers\Home::contact()
in APPPATH\Controllers\Home.php on line 32.
 1 [internal function]: CodeIgniter\Debug\Exceptions->shutdownHandler()
CRITICAL - 2023-10-01 02:49:31 --> Invalid file: "top.php"
in SYSTEMPATH\Exceptions\FrameworkException.php on line 39.
 1 SYSTEMPATH\View\View.php(214): CodeIgniter\Exceptions\FrameworkException::forInvalidFile('top.php')
 2 SYSTEMPATH\Common.php(1188): CodeIgniter\View\View->render('top', [], true)
 3 APPPATH\Controllers\Home.php(13): view('top')
 4 SYSTEMPATH\CodeIgniter.php(919): App\Controllers\Home->top()
 5 SYSTEMPATH\CodeIgniter.php(494): CodeIgniter\CodeIgniter->runController(Object(App\Controllers\Home))
 6 SYSTEMPATH\CodeIgniter.php(353): CodeIgniter\CodeIgniter->handleRequest(null, Object(Config\Cache), false)
 7 FCPATH\index.php(79): CodeIgniter\CodeIgniter->run()
 8 SYSTEMPATH\Commands\Server\rewrite.php(47): require_once('C:\\laragon\\www\\bebs\\ci\\public\\index.php')
CRITICAL - 2023-10-01 02:50:22 --> Invalid file: "top.php"
in SYSTEMPATH\Exceptions\FrameworkException.php on line 39.
 1 SYSTEMPATH\View\View.php(214): CodeIgniter\Exceptions\FrameworkException::forInvalidFile('top.php')
 2 SYSTEMPATH\Common.php(1188): CodeIgniter\View\View->render('top', [], true)
 3 APPPATH\Controllers\Home.php(33): view('top')
 4 SYSTEMPATH\CodeIgniter.php(919): App\Controllers\Home->top()
 5 SYSTEMPATH\CodeIgniter.php(494): CodeIgniter\CodeIgniter->runController(Object(App\Controllers\Home))
 6 SYSTEMPATH\CodeIgniter.php(353): CodeIgniter\CodeIgniter->handleRequest(null, Object(Config\Cache), false)
 7 FCPATH\index.php(79): CodeIgniter\CodeIgniter->run()
 8 SYSTEMPATH\Commands\Server\rewrite.php(47): require_once('C:\\laragon\\www\\bebs\\ci\\public\\index.php')
CRITICAL - 2023-10-01 03:36:43 --> Invalid file: "admin/top.php"
in SYSTEMPATH\Exceptions\FrameworkException.php on line 39.
 1 SYSTEMPATH\View\View.php(214): CodeIgniter\Exceptions\FrameworkException::forInvalidFile('admin/top.php')
 2 SYSTEMPATH\View\View.php(467): CodeIgniter\View\View->render('admin/top', null, true)
 3 APPPATH\Views\welcome_message.php(7): CodeIgniter\View\View->include('admin/top')
 4 SYSTEMPATH\View\View.php(226): include('C:\\laragon\\www\\bebs\\ci\\app\\Views\\welcome_message.php')
 5 SYSTEMPATH\View\View.php(229): CodeIgniter\View\View->CodeIgniter\View\{closure}()
 6 SYSTEMPATH\Common.php(1188): CodeIgniter\View\View->render('welcome_message', [], true)
 7 APPPATH\Controllers\Home.php(9): view('welcome_message')
 8 SYSTEMPATH\CodeIgniter.php(919): App\Controllers\Home->index()
 9 SYSTEMPATH\CodeIgniter.php(494): CodeIgniter\CodeIgniter->runController(Object(App\Controllers\Home))
10 SYSTEMPATH\CodeIgniter.php(353): CodeIgniter\CodeIgniter->handleRequest(null, Object(Config\Cache), false)
11 FCPATH\index.php(79): CodeIgniter\CodeIgniter->run()
12 SYSTEMPATH\Commands\Server\rewrite.php(47): require_once('C:\\laragon\\www\\bebs\\ci\\public\\index.php')
CRITICAL - 2023-10-01 03:47:23 --> Invalid file: "admin/top.php"
in SYSTEMPATH\Exceptions\FrameworkException.php on line 39.
 1 SYSTEMPATH\View\View.php(214): CodeIgniter\Exceptions\FrameworkException::forInvalidFile('admin/top.php')
 2 SYSTEMPATH\View\View.php(467): CodeIgniter\View\View->render('admin/top', null, true)
 3 APPPATH\Views\welcome_message.php(7): CodeIgniter\View\View->include('admin/top')
 4 SYSTEMPATH\View\View.php(226): include('C:\\laragon\\www\\bebs\\ci\\app\\Views\\welcome_message.php')
 5 SYSTEMPATH\View\View.php(229): CodeIgniter\View\View->CodeIgniter\View\{closure}()
 6 SYSTEMPATH\Common.php(1188): CodeIgniter\View\View->render('welcome_message', [], true)
 7 APPPATH\Controllers\Home.php(9): view('welcome_message')
 8 SYSTEMPATH\CodeIgniter.php(919): App\Controllers\Home->index()
 9 SYSTEMPATH\CodeIgniter.php(494): CodeIgniter\CodeIgniter->runController(Object(App\Controllers\Home))
10 SYSTEMPATH\CodeIgniter.php(353): CodeIgniter\CodeIgniter->handleRequest(null, Object(Config\Cache), false)
11 FCPATH\index.php(79): CodeIgniter\CodeIgniter->run()
12 SYSTEMPATH\Commands\Server\rewrite.php(47): require_once('C:\\laragon\\www\\bebs\\ci\\public\\index.php')
CRITICAL - 2023-10-01 04:50:32 --> Invalid file: "admin/top.php"
in SYSTEMPATH\Exceptions\FrameworkException.php on line 39.
 1 SYSTEMPATH\View\View.php(214): CodeIgniter\Exceptions\FrameworkException::forInvalidFile('admin/top.php')
 2 SYSTEMPATH\View\View.php(467): CodeIgniter\View\View->render('admin/top', null, true)
 3 APPPATH\Views\welcome_message.php(7): CodeIgniter\View\View->include('admin/top')
 4 SYSTEMPATH\View\View.php(226): include('C:\\laragon\\www\\bebs\\ci\\app\\Views\\welcome_message.php')
 5 SYSTEMPATH\View\View.php(229): CodeIgniter\View\View->CodeIgniter\View\{closure}()
 6 SYSTEMPATH\Common.php(1188): CodeIgniter\View\View->render('welcome_message', [], true)
 7 APPPATH\Controllers\Home.php(9): view('welcome_message')
 8 SYSTEMPATH\CodeIgniter.php(919): App\Controllers\Home->index()
 9 SYSTEMPATH\CodeIgniter.php(494): CodeIgniter\CodeIgniter->runController(Object(App\Controllers\Home))
10 SYSTEMPATH\CodeIgniter.php(353): CodeIgniter\CodeIgniter->handleRequest(null, Object(Config\Cache), false)
11 FCPATH\index.php(79): CodeIgniter\CodeIgniter->run()
12 SYSTEMPATH\Commands\Server\rewrite.php(47): require_once('C:\\laragon\\www\\bebs\\ci\\public\\index.php')
CRITICAL - 2023-10-01 06:02:43 --> Maximum execution time of 60 seconds exceeded
in SYSTEMPATH\Debug\Toolbar\Collectors\Database.php on line 258.
 1 [internal function]: CodeIgniter\Debug\Exceptions->shutdownHandler()
CRITICAL - 2023-10-01 06:04:05 --> Invalid file: "admin/top.php"
in SYSTEMPATH\Exceptions\FrameworkException.php on line 39.
 1 SYSTEMPATH\View\View.php(214): CodeIgniter\Exceptions\FrameworkException::forInvalidFile('admin/top.php')
 2 SYSTEMPATH\View\View.php(467): CodeIgniter\View\View->render('admin/top', null, true)
 3 APPPATH\Views\welcome_message.php(7): CodeIgniter\View\View->include('admin/top')
 4 SYSTEMPATH\View\View.php(226): include('C:\\laragon\\www\\bebs\\ci\\app\\Views\\welcome_message.php')
 5 SYSTEMPATH\View\View.php(229): CodeIgniter\View\View->CodeIgniter\View\{closure}()
 6 SYSTEMPATH\Common.php(1188): CodeIgniter\View\View->render('welcome_message', [], true)
 7 APPPATH\Controllers\Home.php(9): view('welcome_message')
 8 SYSTEMPATH\CodeIgniter.php(919): App\Controllers\Home->index()
 9 SYSTEMPATH\CodeIgniter.php(494): CodeIgniter\CodeIgniter->runController(Object(App\Controllers\Home))
10 SYSTEMPATH\CodeIgniter.php(353): CodeIgniter\CodeIgniter->handleRequest(null, Object(Config\Cache), false)
11 FCPATH\index.php(79): CodeIgniter\CodeIgniter->run()
12 SYSTEMPATH\Commands\Server\rewrite.php(47): require_once('C:\\laragon\\www\\bebs\\ci\\public\\index.php')
CRITICAL - 2023-10-01 06:07:30 --> Invalid file: "admin/top.php"
in SYSTEMPATH\Exceptions\FrameworkException.php on line 39.
 1 SYSTEMPATH\View\View.php(214): CodeIgniter\Exceptions\FrameworkException::forInvalidFile('admin/top.php')
 2 SYSTEMPATH\View\View.php(467): CodeIgniter\View\View->render('admin/top', null, true)
 3 APPPATH\Views\welcome_message.php(7): CodeIgniter\View\View->include('admin/top')
 4 SYSTEMPATH\View\View.php(226): include('C:\\laragon\\www\\bebs\\ci\\app\\Views\\welcome_message.php')
 5 SYSTEMPATH\View\View.php(229): CodeIgniter\View\View->CodeIgniter\View\{closure}()
 6 SYSTEMPATH\Common.php(1188): CodeIgniter\View\View->render('welcome_message', [], true)
 7 APPPATH\Controllers\Home.php(9): view('welcome_message')
 8 SYSTEMPATH\CodeIgniter.php(919): App\Controllers\Home->index()
 9 SYSTEMPATH\CodeIgniter.php(494): CodeIgniter\CodeIgniter->runController(Object(App\Controllers\Home))
10 SYSTEMPATH\CodeIgniter.php(353): CodeIgniter\CodeIgniter->handleRequest(null, Object(Config\Cache), false)
11 FCPATH\index.php(79): CodeIgniter\CodeIgniter->run()
12 SYSTEMPATH\Commands\Server\rewrite.php(47): require_once('C:\\laragon\\www\\bebs\\ci\\public\\index.php')
CRITICAL - 2023-10-01 06:17:15 --> Invalid file: "admin/top.php"
in SYSTEMPATH\Exceptions\FrameworkException.php on line 39.
 1 SYSTEMPATH\View\View.php(214): CodeIgniter\Exceptions\FrameworkException::forInvalidFile('admin/top.php')
 2 SYSTEMPATH\View\View.php(467): CodeIgniter\View\View->render('admin/top', null, true)
 3 APPPATH\Views\welcome_message.php(7): CodeIgniter\View\View->include('admin/top')
 4 SYSTEMPATH\View\View.php(226): include('C:\\laragon\\www\\bebs\\ci\\app\\Views\\welcome_message.php')
 5 SYSTEMPATH\View\View.php(229): CodeIgniter\View\View->CodeIgniter\View\{closure}()
 6 SYSTEMPATH\Common.php(1188): CodeIgniter\View\View->render('welcome_message', [], true)
 7 APPPATH\Controllers\Home.php(9): view('welcome_message')
 8 SYSTEMPATH\CodeIgniter.php(919): App\Controllers\Home->index()
 9 SYSTEMPATH\CodeIgniter.php(494): CodeIgniter\CodeIgniter->runController(Object(App\Controllers\Home))
10 SYSTEMPATH\CodeIgniter.php(353): CodeIgniter\CodeIgniter->handleRequest(null, Object(Config\Cache), false)
11 FCPATH\index.php(79): CodeIgniter\CodeIgniter->run()
12 SYSTEMPATH\Commands\Server\rewrite.php(47): require_once('C:\\laragon\\www\\bebs\\ci\\public\\index.php')
CRITICAL - 2023-10-01 06:17:17 --> Invalid file: "admin/top.php"
in SYSTEMPATH\Exceptions\FrameworkException.php on line 39.
 1 SYSTEMPATH\View\View.php(214): CodeIgniter\Exceptions\FrameworkException::forInvalidFile('admin/top.php')
 2 SYSTEMPATH\View\View.php(467): CodeIgniter\View\View->render('admin/top', null, true)
 3 APPPATH\Views\welcome_message.php(7): CodeIgniter\View\View->include('admin/top')
 4 SYSTEMPATH\View\View.php(226): include('C:\\laragon\\www\\bebs\\ci\\app\\Views\\welcome_message.php')
 5 SYSTEMPATH\View\View.php(229): CodeIgniter\View\View->CodeIgniter\View\{closure}()
 6 SYSTEMPATH\Common.php(1188): CodeIgniter\View\View->render('welcome_message', [], true)
 7 APPPATH\Controllers\Home.php(9): view('welcome_message')
 8 SYSTEMPATH\CodeIgniter.php(919): App\Controllers\Home->index()
 9 SYSTEMPATH\CodeIgniter.php(494): CodeIgniter\CodeIgniter->runController(Object(App\Controllers\Home))
10 SYSTEMPATH\CodeIgniter.php(353): CodeIgniter\CodeIgniter->handleRequest(null, Object(Config\Cache), false)
11 FCPATH\index.php(79): CodeIgniter\CodeIgniter->run()
12 SYSTEMPATH\Commands\Server\rewrite.php(47): require_once('C:\\laragon\\www\\bebs\\ci\\public\\index.php')
CRITICAL - 2023-10-01 08:16:39 --> Undefined variable $product
in APPPATH\Views\admin.php on line 438.
 1 APPPATH\Views\admin.php(438): CodeIgniter\Debug\Exceptions->errorHandler(2, 'Undefined variable $product', 'C:\\laragon\\www\\bebs\\ci\\app\\Views\\admin.php', 438)
 2 SYSTEMPATH\View\View.php(226): include('C:\\laragon\\www\\bebs\\ci\\app\\Views\\admin.php')
 3 SYSTEMPATH\View\View.php(229): CodeIgniter\View\View->CodeIgniter\View\{closure}()
 4 SYSTEMPATH\Common.php(1188): CodeIgniter\View\View->render('admin', [], true)
 5 APPPATH\Controllers\Home.php(33): view('admin')
 6 SYSTEMPATH\CodeIgniter.php(919): App\Controllers\Home->admin()
 7 SYSTEMPATH\CodeIgniter.php(494): CodeIgniter\CodeIgniter->runController(Object(App\Controllers\Home))
 8 SYSTEMPATH\CodeIgniter.php(353): CodeIgniter\CodeIgniter->handleRequest(null, Object(Config\Cache), false)
 9 FCPATH\index.php(79): CodeIgniter\CodeIgniter->run()
10 SYSTEMPATH\Commands\Server\rewrite.php(47): require_once('C:\\laragon\\www\\bebs\\ci\\public\\index.php')
CRITICAL - 2023-10-01 08:17:32 --> syntax error, unexpected token "endforeach", expecting end of file
in APPPATH\Views\admin.php on line 457.
 1 SYSTEMPATH\View\View.php(229): CodeIgniter\View\View->CodeIgniter\View\{closure}()
 2 SYSTEMPATH\Common.php(1188): CodeIgniter\View\View->render('admin', [], true)
 3 APPPATH\Controllers\Home.php(33): view('admin')
 4 SYSTEMPATH\CodeIgniter.php(919): App\Controllers\Home->admin()
 5 SYSTEMPATH\CodeIgniter.php(494): CodeIgniter\CodeIgniter->runController(Object(App\Controllers\Home))
 6 SYSTEMPATH\CodeIgniter.php(353): CodeIgniter\CodeIgniter->handleRequest(null, Object(Config\Cache), false)
 7 FCPATH\index.php(79): CodeIgniter\CodeIgniter->run()
 8 SYSTEMPATH\Commands\Server\rewrite.php(47): require_once('C:\\laragon\\www\\bebs\\ci\\public\\index.php')
CRITICAL - 2023-10-01 08:17:56 --> Undefined variable $p
in APPPATH\Views\admin.php on line 439.
 1 APPPATH\Views\admin.php(439): CodeIgniter\Debug\Exceptions->errorHandler(2, 'Undefined variable $p', 'C:\\laragon\\www\\bebs\\ci\\app\\Views\\admin.php', 439)
 2 SYSTEMPATH\View\View.php(226): include('C:\\laragon\\www\\bebs\\ci\\app\\Views\\admin.php')
 3 SYSTEMPATH\View\View.php(229): CodeIgniter\View\View->CodeIgniter\View\{closure}()
 4 SYSTEMPATH\Common.php(1188): CodeIgniter\View\View->render('admin', [], true)
 5 APPPATH\Controllers\Home.php(33): view('admin')
 6 SYSTEMPATH\CodeIgniter.php(919): App\Controllers\Home->admin()
 7 SYSTEMPATH\CodeIgniter.php(494): CodeIgniter\CodeIgniter->runController(Object(App\Controllers\Home))
 8 SYSTEMPATH\CodeIgniter.php(353): CodeIgniter\CodeIgniter->handleRequest(null, Object(Config\Cache), false)
 9 FCPATH\index.php(79): CodeIgniter\CodeIgniter->run()
10 SYSTEMPATH\Commands\Server\rewrite.php(47): require_once('C:\\laragon\\www\\bebs\\ci\\public\\index.php')
CRITICAL - 2023-10-01 08:17:58 --> Undefined variable $p
in APPPATH\Views\admin.php on line 439.
 1 APPPATH\Views\admin.php(439): CodeIgniter\Debug\Exceptions->errorHandler(2, 'Undefined variable $p', 'C:\\laragon\\www\\bebs\\ci\\app\\Views\\admin.php', 439)
 2 SYSTEMPATH\View\View.php(226): include('C:\\laragon\\www\\bebs\\ci\\app\\Views\\admin.php')
 3 SYSTEMPATH\View\View.php(229): CodeIgniter\View\View->CodeIgniter\View\{closure}()
 4 SYSTEMPATH\Common.php(1188): CodeIgniter\View\View->render('admin', [], true)
 5 APPPATH\Controllers\Home.php(33): view('admin')
 6 SYSTEMPATH\CodeIgniter.php(919): App\Controllers\Home->admin()
 7 SYSTEMPATH\CodeIgniter.php(494): CodeIgniter\CodeIgniter->runController(Object(App\Controllers\Home))
 8 SYSTEMPATH\CodeIgniter.php(353): CodeIgniter\CodeIgniter->handleRequest(null, Object(Config\Cache), false)
 9 FCPATH\index.php(79): CodeIgniter\CodeIgniter->run()
10 SYSTEMPATH\Commands\Server\rewrite.php(47): require_once('C:\\laragon\\www\\bebs\\ci\\public\\index.php')
CRITICAL - 2023-10-01 08:18:23 --> Undefined variable $product
in APPPATH\Views\admin.php on line 438.
 1 APPPATH\Views\admin.php(438): CodeIgniter\Debug\Exceptions->errorHandler(2, 'Undefined variable $product', 'C:\\laragon\\www\\bebs\\ci\\app\\Views\\admin.php', 438)
 2 SYSTEMPATH\View\View.php(226): include('C:\\laragon\\www\\bebs\\ci\\app\\Views\\admin.php')
 3 SYSTEMPATH\View\View.php(229): CodeIgniter\View\View->CodeIgniter\View\{closure}()
 4 SYSTEMPATH\Common.php(1188): CodeIgniter\View\View->render('admin', [], true)
 5 APPPATH\Controllers\Home.php(33): view('admin')
 6 SYSTEMPATH\CodeIgniter.php(919): App\Controllers\Home->admin()
 7 SYSTEMPATH\CodeIgniter.php(494): CodeIgniter\CodeIgniter->runController(Object(App\Controllers\Home))
 8 SYSTEMPATH\CodeIgniter.php(353): CodeIgniter\CodeIgniter->handleRequest(null, Object(Config\Cache), false)
 9 FCPATH\index.php(79): CodeIgniter\CodeIgniter->run()
10 SYSTEMPATH\Commands\Server\rewrite.php(47): require_once('C:\\laragon\\www\\bebs\\ci\\public\\index.php')
CRITICAL - 2023-10-01 08:18:24 --> Undefined variable $product
in APPPATH\Views\admin.php on line 438.
 1 APPPATH\Views\admin.php(438): CodeIgniter\Debug\Exceptions->errorHandler(2, 'Undefined variable $product', 'C:\\laragon\\www\\bebs\\ci\\app\\Views\\admin.php', 438)
 2 SYSTEMPATH\View\View.php(226): include('C:\\laragon\\www\\bebs\\ci\\app\\Views\\admin.php')
 3 SYSTEMPATH\View\View.php(229): CodeIgniter\View\View->CodeIgniter\View\{closure}()
 4 SYSTEMPATH\Common.php(1188): CodeIgniter\View\View->render('admin', [], true)
 5 APPPATH\Controllers\Home.php(33): view('admin')
 6 SYSTEMPATH\CodeIgniter.php(919): App\Controllers\Home->admin()
 7 SYSTEMPATH\CodeIgniter.php(494): CodeIgniter\CodeIgniter->runController(Object(App\Controllers\Home))
 8 SYSTEMPATH\CodeIgniter.php(353): CodeIgniter\CodeIgniter->handleRequest(null, Object(Config\Cache), false)
 9 FCPATH\index.php(79): CodeIgniter\CodeIgniter->run()
10 SYSTEMPATH\Commands\Server\rewrite.php(47): require_once('C:\\laragon\\www\\bebs\\ci\\public\\index.php')
CRITICAL - 2023-10-01 08:18:25 --> Undefined variable $product
in APPPATH\Views\admin.php on line 438.
 1 APPPATH\Views\admin.php(438): CodeIgniter\Debug\Exceptions->errorHandler(2, 'Undefined variable $product', 'C:\\laragon\\www\\bebs\\ci\\app\\Views\\admin.php', 438)
 2 SYSTEMPATH\View\View.php(226): include('C:\\laragon\\www\\bebs\\ci\\app\\Views\\admin.php')
 3 SYSTEMPATH\View\View.php(229): CodeIgniter\View\View->CodeIgniter\View\{closure}()
 4 SYSTEMPATH\Common.php(1188): CodeIgniter\View\View->render('admin', [], true)
 5 APPPATH\Controllers\Home.php(33): view('admin')
 6 SYSTEMPATH\CodeIgniter.php(919): App\Controllers\Home->admin()
 7 SYSTEMPATH\CodeIgniter.php(494): CodeIgniter\CodeIgniter->runController(Object(App\Controllers\Home))
 8 SYSTEMPATH\CodeIgniter.php(353): CodeIgniter\CodeIgniter->handleRequest(null, Object(Config\Cache), false)
 9 FCPATH\index.php(79): CodeIgniter\CodeIgniter->run()
10 SYSTEMPATH\Commands\Server\rewrite.php(47): require_once('C:\\laragon\\www\\bebs\\ci\\public\\index.php')
CRITICAL - 2023-10-01 08:18:26 --> Undefined variable $product
in APPPATH\Views\admin.php on line 438.
 1 APPPATH\Views\admin.php(438): CodeIgniter\Debug\Exceptions->errorHandler(2, 'Undefined variable $product', 'C:\\laragon\\www\\bebs\\ci\\app\\Views\\admin.php', 438)
 2 SYSTEMPATH\View\View.php(226): include('C:\\laragon\\www\\bebs\\ci\\app\\Views\\admin.php')
 3 SYSTEMPATH\View\View.php(229): CodeIgniter\View\View->CodeIgniter\View\{closure}()
 4 SYSTEMPATH\Common.php(1188): CodeIgniter\View\View->render('admin', [], true)
 5 APPPATH\Controllers\Home.php(33): view('admin')
 6 SYSTEMPATH\CodeIgniter.php(919): App\Controllers\Home->admin()
 7 SYSTEMPATH\CodeIgniter.php(494): CodeIgniter\CodeIgniter->runController(Object(App\Controllers\Home))
 8 SYSTEMPATH\CodeIgniter.php(353): CodeIgniter\CodeIgniter->handleRequest(null, Object(Config\Cache), false)
 9 FCPATH\index.php(79): CodeIgniter\CodeIgniter->run()
10 SYSTEMPATH\Commands\Server\rewrite.php(47): require_once('C:\\laragon\\www\\bebs\\ci\\public\\index.php')
CRITICAL - 2023-10-01 08:20:43 --> Undefined variable $product
in APPPATH\Views\admin.php on line 438.
 1 APPPATH\Views\admin.php(438): CodeIgniter\Debug\Exceptions->errorHandler(2, 'Undefined variable $product', 'C:\\laragon\\www\\bebs\\ci\\app\\Views\\admin.php', 438)
 2 SYSTEMPATH\View\View.php(226): include('C:\\laragon\\www\\bebs\\ci\\app\\Views\\admin.php')
 3 SYSTEMPATH\View\View.php(229): CodeIgniter\View\View->CodeIgniter\View\{closure}()
 4 SYSTEMPATH\Common.php(1188): CodeIgniter\View\View->render('admin', [], true)
 5 APPPATH\Controllers\Home.php(33): view('admin')
 6 SYSTEMPATH\CodeIgniter.php(919): App\Controllers\Home->admin()
 7 SYSTEMPATH\CodeIgniter.php(494): CodeIgniter\CodeIgniter->runController(Object(App\Controllers\Home))
 8 SYSTEMPATH\CodeIgniter.php(353): CodeIgniter\CodeIgniter->handleRequest(null, Object(Config\Cache), false)
 9 FCPATH\index.php(79): CodeIgniter\CodeIgniter->run()
10 SYSTEMPATH\Commands\Server\rewrite.php(47): require_once('C:\\laragon\\www\\bebs\\ci\\public\\index.php')
CRITICAL - 2023-10-01 08:20:44 --> Undefined variable $product
in APPPATH\Views\admin.php on line 438.
 1 APPPATH\Views\admin.php(438): CodeIgniter\Debug\Exceptions->errorHandler(2, 'Undefined variable $product', 'C:\\laragon\\www\\bebs\\ci\\app\\Views\\admin.php', 438)
 2 SYSTEMPATH\View\View.php(226): include('C:\\laragon\\www\\bebs\\ci\\app\\Views\\admin.php')
 3 SYSTEMPATH\View\View.php(229): CodeIgniter\View\View->CodeIgniter\View\{closure}()
 4 SYSTEMPATH\Common.php(1188): CodeIgniter\View\View->render('admin', [], true)
 5 APPPATH\Controllers\Home.php(33): view('admin')
 6 SYSTEMPATH\CodeIgniter.php(919): App\Controllers\Home->admin()
 7 SYSTEMPATH\CodeIgniter.php(494): CodeIgniter\CodeIgniter->runController(Object(App\Controllers\Home))
 8 SYSTEMPATH\CodeIgniter.php(353): CodeIgniter\CodeIgniter->handleRequest(null, Object(Config\Cache), false)
 9 FCPATH\index.php(79): CodeIgniter\CodeIgniter->run()
10 SYSTEMPATH\Commands\Server\rewrite.php(47): require_once('C:\\laragon\\www\\bebs\\ci\\public\\index.php')
CRITICAL - 2023-10-01 10:07:36 --> Invalid file: "tables.php"
in SYSTEMPATH\Exceptions\FrameworkException.php on line 39.
 1 SYSTEMPATH\View\View.php(214): CodeIgniter\Exceptions\FrameworkException::forInvalidFile('tables.php')
 2 SYSTEMPATH\Common.php(1188): CodeIgniter\View\View->render('tables', [], true)
 3 APPPATH\Controllers\Home.php(37): view('tables')
 4 SYSTEMPATH\CodeIgniter.php(919): App\Controllers\Home->tables()
 5 SYSTEMPATH\CodeIgniter.php(494): CodeIgniter\CodeIgniter->runController(Object(App\Controllers\Home))
 6 SYSTEMPATH\CodeIgniter.php(353): CodeIgniter\CodeIgniter->handleRequest(null, Object(Config\Cache), false)
 7 FCPATH\index.php(79): CodeIgniter\CodeIgniter->run()
 8 SYSTEMPATH\Commands\Server\rewrite.php(47): require_once('C:\\laragon\\www\\bebs\\ci\\public\\index.php')
